<?xml version="1.0" encoding="UTF-8"?>
<!-- Generated by org.testng.reporters.JUnitReportReporter -->
<testsuite hostname="DESKTOP-EIJ4P2G" failures="0" tests="1" name="findingElements.FindElementsMethod" time="197.637" errors="0" timestamp="2021-06-10T17:05:47 EET" skipped="0">
  <testcase classname="findingElements.FindElementsMethod" name="GetLinks" time="197.637"/>
  <system-out/>
</testsuite> <!-- findingElements.FindElementsMethod -->
