<?xml version="1.0" encoding="UTF-8"?>
<!-- Generated by org.testng.reporters.JUnitReportReporter -->
<testsuite hostname="DESKTOP-EIJ4P2G" failures="0" tests="1" name="workingWithElements.TextBoxAndButton" time="3.753" errors="0" timestamp="2021-06-12T11:22:41 EET" skipped="0">
  <testcase classname="workingWithElements.TextBoxAndButton" name="login" time="3.753"/>
  <system-out/>
</testsuite> <!-- workingWithElements.TextBoxAndButton -->
