<?xml version="1.0" encoding="UTF-8"?>
<!-- Generated by org.testng.reporters.JUnitReportReporter -->
<testsuite hostname="DESKTOP-EIJ4P2G" failures="0" tests="1" name="findingElements.FindElementXpath" time="0.623" errors="0" timestamp="2021-06-11T14:09:48 EET" skipped="0">
  <testcase classname="findingElements.FindElementXpath" name="login" time="0.623"/>
  <system-out/>
</testsuite> <!-- findingElements.FindElementXpath -->
