<?xml version="1.0" encoding="UTF-8"?>
<!-- Generated by org.testng.reporters.JUnitReportReporter -->
<testsuite hostname="DESKTOP-EIJ4P2G" failures="0" tests="1" name="workingWithElements.DoubleClick" time="0.205" errors="0" timestamp="2021-06-14T12:23:53 EET" skipped="0">
  <testcase classname="workingWithElements.DoubleClick" name="doubleClick" time="0.205"/>
  <system-out/>
</testsuite> <!-- workingWithElements.DoubleClick -->
