<?xml version="1.0" encoding="UTF-8"?>
<!-- Generated by org.testng.reporters.JUnitReportReporter -->
<testsuite hostname="DESKTOP-EIJ4P2G" failures="0" tests="1" name="findingElements.FindingElementTagName" time="2.346" errors="0" timestamp="2021-06-09T16:49:06 EET" skipped="0">
  <testcase classname="findingElements.FindingElementTagName" name="FindByTagName" time="2.346"/>
  <system-out/>
</testsuite> <!-- findingElements.FindingElementTagName -->
