<?xml version="1.0" encoding="UTF-8"?>
<!-- Generated by org.testng.reporters.JUnitReportReporter -->
<testsuite hostname="DESKTOP-EIJ4P2G" failures="0" tests="2" name="workingWithElements.CheckBoxAndRadioButton" time="0.082" errors="0" timestamp="2021-06-14T11:10:57 EET" skipped="1">
  <testcase classname="workingWithElements.CheckBoxAndRadioButton" name="testIsElementPrsernt" time="0.082"/>
  <system-out/>
  <testcase classname="workingWithElements.CheckBoxAndRadioButton" name="SearchBtn">
    <skipped/>
  </testcase> <!-- SearchBtn -->
  <system-out/>
</testsuite> <!-- workingWithElements.CheckBoxAndRadioButton -->
