<?xml version="1.0" encoding="UTF-8"?>
<!-- Generated by org.testng.reporters.JUnitReportReporter -->
<testsuite hostname="DESKTOP-EIJ4P2G" failures="0" tests="1" name="workingWithElements.WebTables" time="5.563" errors="0" timestamp="2021-06-13T17:53:25 EET" skipped="0">
  <testcase classname="workingWithElements.WebTables" name="TestWebTable" time="5.563"/>
  <system-out/>
</testsuite> <!-- workingWithElements.WebTables -->
