<?xml version="1.0" encoding="UTF-8"?>
<!-- Generated by org.testng.reporters.JUnitReportReporter -->
<testsuite hostname="DESKTOP-EIJ4P2G" failures="0" tests="1" name="workingWithElements.DropDownList" time="6.292" errors="0" timestamp="2021-06-13T13:09:53 EET" skipped="0">
  <testcase classname="workingWithElements.DropDownList" name="testDropDownList" time="6.292"/>
  <system-out/>
</testsuite> <!-- workingWithElements.DropDownList -->
