<?xml version="1.0" encoding="UTF-8"?>
<!-- Generated by org.testng.reporters.JUnitReportReporter -->
<testsuite hostname="DESKTOP-EIJ4P2G" failures="0" tests="1" name="findingElements.FindElementClass" time="1.510" errors="0" timestamp="2021-06-09T16:35:34 EET" skipped="0">
  <testcase classname="findingElements.FindElementClass" name="login" time="1.510"/>
  <system-out/>
</testsuite> <!-- findingElements.FindElementClass -->
