<?xml version="1.0" encoding="UTF-8"?>
<!-- Generated by org.testng.reporters.JUnitReportReporter -->
<testsuite hostname="DESKTOP-EIJ4P2G" failures="0" tests="1" name="workingWithElements.GoogleSearch" time="7.099" errors="0" timestamp="2021-06-12T11:48:21 EET" skipped="0">
  <testcase classname="workingWithElements.GoogleSearch" name="SearchBtn" time="7.099"/>
  <system-out/>
</testsuite> <!-- workingWithElements.GoogleSearch -->
