<?xml version="1.0" encoding="UTF-8"?>
<!-- Generated by org.testng.reporters.JUnitReportReporter -->
<testsuite hostname="DESKTOP-EIJ4P2G" failures="0" tests="1" name="findingElements.FindElementTagNameTable" time="0.078" errors="0" timestamp="2021-06-09T17:03:37 EET" skipped="0">
  <testcase classname="findingElements.FindElementTagNameTable" name="FindByTagNameTable" time="0.078"/>
  <system-out/>
</testsuite> <!-- findingElements.FindElementTagNameTable -->
