<?xml version="1.0" encoding="UTF-8"?>
<!-- Generated by org.testng.reporters.JUnitReportReporter -->
<testsuite hostname="DESKTOP-EIJ4P2G" failures="0" tests="1" name="workingWithElements.DragAndDrop" time="0.346" errors="0" timestamp="2021-06-14T13:31:46 EET" skipped="0">
  <testcase classname="workingWithElements.DragAndDrop" name="dragAndDrop" time="0.346"/>
  <system-out/>
</testsuite> <!-- workingWithElements.DragAndDrop -->
