<?xml version="1.0" encoding="UTF-8"?>
<!-- Generated by org.testng.reporters.JUnitReportReporter -->
<testsuite hostname="DESKTOP-EIJ4P2G" failures="0" tests="1" name="browserNavigation.Navigation" time="7.803" errors="0" timestamp="2021-06-11T19:33:57 EET" skipped="0">
  <testcase classname="browserNavigation.Navigation" name="BrowserCommand" time="7.803"/>
  <system-out/>
</testsuite> <!-- browserNavigation.Navigation -->
