<?xml version="1.0" encoding="UTF-8"?>
<!-- Generated by org.testng.reporters.JUnitReportReporter -->
<testsuite hostname="DESKTOP-EIJ4P2G" failures="0" tests="1" name="findingElements.FindElementName" time="5.101" errors="0" timestamp="2021-06-09T13:51:56 EET" skipped="0">
  <testcase classname="findingElements.FindElementName" name="login" time="5.101"/>
  <system-out/>
</testsuite> <!-- findingElements.FindElementName -->
