<?xml version="1.0" encoding="UTF-8"?>
<!-- Generated by org.testng.reporters.JUnitReportReporter -->
<testsuite hostname="DESKTOP-EIJ4P2G" failures="0" tests="1" name="findingElements.FindingElementsID" time="4.580" errors="0" timestamp="2021-06-09T13:02:01 EET" skipped="0">
  <testcase classname="findingElements.FindingElementsID" name="login" time="4.580"/>
  <system-out/>
</testsuite> <!-- findingElements.FindingElementsID -->
