<?xml version="1.0" encoding="UTF-8"?>
<!-- Generated by org.testng.reporters.JUnitReportReporter -->
<testsuite hostname="DESKTOP-EIJ4P2G" failures="0" tests="1" name="findingElements.FindElementCssSelector" time="3.511" errors="0" timestamp="2021-06-10T15:28:23 EET" skipped="0">
  <testcase classname="findingElements.FindElementCssSelector" name="Login" time="3.511"/>
  <system-out/>
</testsuite> <!-- findingElements.FindElementCssSelector -->
