<?xml version="1.0" encoding="UTF-8"?>
<!-- Generated by org.testng.reporters.JUnitReportReporter -->
<testsuite hostname="DESKTOP-EIJ4P2G" failures="0" tests="1" name="findingElements.FindElementLinkText" time="0.760" errors="0" timestamp="2021-06-11T13:36:29 EET" skipped="0">
  <testcase classname="findingElements.FindElementLinkText" name="OpenLink" time="0.760"/>
  <system-out/>
</testsuite> <!-- findingElements.FindElementLinkText -->
